c:\users\joshp\onedrive\programming\c++\duckengine\duckengine\duck\intermediate\debug\duck.pch
c:\users\joshp\onedrive\programming\c++\duckengine\duckengine\duck\intermediate\debug\vc143.pdb
c:\users\joshp\onedrive\programming\c++\duckengine\duckengine\duck\intermediate\debug\vc143.idb
c:\users\joshp\onedrive\programming\c++\duckengine\duckengine\duck\intermediate\debug\logger.obj
c:\users\joshp\onedrive\programming\c++\duckengine\duckengine\duck\intermediate\debug\time.obj
c:\users\joshp\onedrive\programming\c++\duckengine\duckengine\duck\intermediate\debug\pergamesettings.obj
c:\users\joshp\onedrive\programming\c++\duckengine\duckengine\duck\intermediate\debug\duck.obj
c:\users\joshp\onedrive\programming\c++\duckengine\duckengine\duck\intermediate\debug\iapplication.obj
c:\users\joshp\onedrive\programming\c++\duckengine\duckengine\duck\intermediate\debug\duck.ilk
c:\users\joshp\onedrive\programming\c++\duckengine\duckengine\build\duck\debug\duck.dll
c:\users\joshp\onedrive\programming\c++\duckengine\duckengine\build\duck\debug\duck.pdb
c:\users\joshp\onedrive\programming\c++\duckengine\duckengine\build\duck\debug\duck.lib
c:\users\joshp\onedrive\programming\c++\duckengine\duckengine\build\duck\debug\duck.exp
c:\users\joshp\onedrive\programming\c++\duckengine\duckengine\\build\duck\debug\duck.pdb
c:\users\joshp\onedrive\programming\c++\duckengine\duckengine\\duck\intermediate\debug\duck.vcxproj.filelistabsolute.txt
c:\users\joshp\onedrive\programming\c++\duckengine\duckengine\duck\intermediate\debug\duck.tlog\cl.command.1.tlog
c:\users\joshp\onedrive\programming\c++\duckengine\duckengine\duck\intermediate\debug\duck.tlog\cl.items.tlog
c:\users\joshp\onedrive\programming\c++\duckengine\duckengine\duck\intermediate\debug\duck.tlog\cl.read.1.tlog
c:\users\joshp\onedrive\programming\c++\duckengine\duckengine\duck\intermediate\debug\duck.tlog\cl.write.1.tlog
c:\users\joshp\onedrive\programming\c++\duckengine\duckengine\duck\intermediate\debug\duck.tlog\link.command.1.tlog
c:\users\joshp\onedrive\programming\c++\duckengine\duckengine\duck\intermediate\debug\duck.tlog\link.read.1.tlog
c:\users\joshp\onedrive\programming\c++\duckengine\duckengine\duck\intermediate\debug\duck.tlog\link.write.1.tlog
c:\users\joshp\onedrive\programming\c++\duckengine\duckengine\duck\intermediate\debug\duck.tlog\link.write.2u.tlog
