c:\users\joshp\onedrive\programming\c++\duckengine\blankproject\intermediate\debug\blankproject.pch
c:\users\joshp\onedrive\programming\c++\duckengine\blankproject\intermediate\debug\vc143.pdb
c:\users\joshp\onedrive\programming\c++\duckengine\blankproject\intermediate\debug\vc143.idb
c:\users\joshp\onedrive\programming\c++\duckengine\blankproject\intermediate\debug\application.obj
c:\users\joshp\onedrive\programming\c++\duckengine\blankproject\intermediate\debug\pch.obj
c:\users\joshp\onedrive\programming\c++\duckengine\blankproject\intermediate\debug\winmain.obj
c:\users\joshp\onedrive\programming\c++\duckengine\build\blankproject\debug\blankproject.lib
c:\users\joshp\onedrive\programming\c++\duckengine\build\blankproject\debug\blankproject.exp
c:\users\joshp\onedrive\programming\c++\duckengine\blankproject\intermediate\debug\blankproject.res
c:\users\joshp\onedrive\programming\c++\duckengine\\build\blankproject\debug\blankproject.pdb
c:\users\joshp\onedrive\programming\c++\duckengine\\blankproject\intermediate\debug\blankproject.vcxproj.filelistabsolute.txt
c:\users\joshp\onedrive\programming\c++\duckengine\blankproject\intermediate\debug\blankproject.tlog\cl.command.1.tlog
c:\users\joshp\onedrive\programming\c++\duckengine\blankproject\intermediate\debug\blankproject.tlog\cl.items.tlog
c:\users\joshp\onedrive\programming\c++\duckengine\blankproject\intermediate\debug\blankproject.tlog\cl.read.1.tlog
c:\users\joshp\onedrive\programming\c++\duckengine\blankproject\intermediate\debug\blankproject.tlog\cl.write.1.tlog
c:\users\joshp\onedrive\programming\c++\duckengine\blankproject\intermediate\debug\blankproject.tlog\link-cvtres.read.1.tlog
c:\users\joshp\onedrive\programming\c++\duckengine\blankproject\intermediate\debug\blankproject.tlog\link-cvtres.write.1.tlog
c:\users\joshp\onedrive\programming\c++\duckengine\blankproject\intermediate\debug\blankproject.tlog\link-rc.read.1.tlog
c:\users\joshp\onedrive\programming\c++\duckengine\blankproject\intermediate\debug\blankproject.tlog\link-rc.write.1.tlog
c:\users\joshp\onedrive\programming\c++\duckengine\blankproject\intermediate\debug\blankproject.tlog\link.13060-cvtres.read.1.tlog
c:\users\joshp\onedrive\programming\c++\duckengine\blankproject\intermediate\debug\blankproject.tlog\link.13060-cvtres.write.1.tlog
c:\users\joshp\onedrive\programming\c++\duckengine\blankproject\intermediate\debug\blankproject.tlog\link.13060-rc.read.1.tlog
c:\users\joshp\onedrive\programming\c++\duckengine\blankproject\intermediate\debug\blankproject.tlog\link.13060-rc.write.1.tlog
c:\users\joshp\onedrive\programming\c++\duckengine\blankproject\intermediate\debug\blankproject.tlog\link.13060.delete.1.tlog
c:\users\joshp\onedrive\programming\c++\duckengine\blankproject\intermediate\debug\blankproject.tlog\link.13060.read.1.tlog
c:\users\joshp\onedrive\programming\c++\duckengine\blankproject\intermediate\debug\blankproject.tlog\link.13060.read.2.tlog
c:\users\joshp\onedrive\programming\c++\duckengine\blankproject\intermediate\debug\blankproject.tlog\link.13060.write.1.tlog
c:\users\joshp\onedrive\programming\c++\duckengine\blankproject\intermediate\debug\blankproject.tlog\link.command.1.tlog
c:\users\joshp\onedrive\programming\c++\duckengine\blankproject\intermediate\debug\blankproject.tlog\link.delete.1.tlog
c:\users\joshp\onedrive\programming\c++\duckengine\blankproject\intermediate\debug\blankproject.tlog\link.read.1.tlog
c:\users\joshp\onedrive\programming\c++\duckengine\blankproject\intermediate\debug\blankproject.tlog\link.read.2.tlog
c:\users\joshp\onedrive\programming\c++\duckengine\blankproject\intermediate\debug\blankproject.tlog\link.write.1.tlog
c:\users\joshp\onedrive\programming\c++\duckengine\blankproject\intermediate\debug\blankproject.tlog\link.write.2u.tlog
c:\users\joshp\onedrive\programming\c++\duckengine\blankproject\intermediate\debug\blankproject.tlog\rc.command.1.tlog
c:\users\joshp\onedrive\programming\c++\duckengine\blankproject\intermediate\debug\blankproject.tlog\rc.read.1.tlog
c:\users\joshp\onedrive\programming\c++\duckengine\blankproject\intermediate\debug\blankproject.tlog\rc.write.1.tlog
