c:\users\joshp\onedrive\programming\c++\duckengine\engine\intermediate\debug\vc143.pdb
c:\users\joshp\onedrive\programming\c++\duckengine\engine\intermediate\debug\vc143.idb
c:\users\joshp\onedrive\programming\c++\duckengine\engine\intermediate\debug\iapplication.obj
c:\users\joshp\onedrive\programming\c++\duckengine\engine\intermediate\debug\engine.obj
c:\users\joshp\onedrive\programming\c++\duckengine\engine\intermediate\debug\logger.obj
c:\users\joshp\onedrive\programming\c++\duckengine\engine\intermediate\debug\pergamesettings.obj
c:\users\joshp\onedrive\programming\c++\duckengine\build\engine\debug\engine.lib
c:\users\joshp\onedrive\programming\c++\duckengine\build\engine\debug\engine.exp
c:\users\joshp\onedrive\programming\c++\duckengine\build\engine\debug\engine.dll
c:\users\joshp\onedrive\programming\c++\duckengine\engine\intermediate\debug\engine.ilk
c:\users\joshp\onedrive\programming\c++\duckengine\build\engine\debug\engine.pdb
c:\users\joshp\onedrive\programming\c++\duckengine\\build\engine\debug\engine.pdb
c:\users\joshp\onedrive\programming\c++\duckengine\\engine\intermediate\debug\engine.vcxproj.filelistabsolute.txt
c:\users\joshp\onedrive\programming\c++\duckengine\engine\intermediate\debug\engine.tlog\cl.command.1.tlog
c:\users\joshp\onedrive\programming\c++\duckengine\engine\intermediate\debug\engine.tlog\cl.items.tlog
c:\users\joshp\onedrive\programming\c++\duckengine\engine\intermediate\debug\engine.tlog\cl.read.1.tlog
c:\users\joshp\onedrive\programming\c++\duckengine\engine\intermediate\debug\engine.tlog\cl.write.1.tlog
c:\users\joshp\onedrive\programming\c++\duckengine\engine\intermediate\debug\engine.tlog\link.command.1.tlog
c:\users\joshp\onedrive\programming\c++\duckengine\engine\intermediate\debug\engine.tlog\link.read.1.tlog
c:\users\joshp\onedrive\programming\c++\duckengine\engine\intermediate\debug\engine.tlog\link.write.1.tlog
c:\users\joshp\onedrive\programming\c++\duckengine\engine\intermediate\debug\engine.tlog\link.write.2u.tlog
