c:\users\joshp\onedrive\programming\c++\duckengine\duckengine\blankproject\intermediate\debug\blankproject.pch
c:\users\joshp\onedrive\programming\c++\duckengine\duckengine\blankproject\intermediate\debug\vc143.pdb
c:\users\joshp\onedrive\programming\c++\duckengine\duckengine\blankproject\intermediate\debug\vc143.idb
c:\users\joshp\onedrive\programming\c++\duckengine\duckengine\blankproject\intermediate\debug\winmain.obj
c:\users\joshp\onedrive\programming\c++\duckengine\duckengine\blankproject\intermediate\debug\pch.obj
c:\users\joshp\onedrive\programming\c++\duckengine\duckengine\blankproject\intermediate\debug\application.obj
c:\users\joshp\onedrive\programming\c++\duckengine\duckengine\build\blankproject\debug\blankproject.exe
c:\users\joshp\onedrive\programming\c++\duckengine\duckengine\blankproject\intermediate\debug\blankproject.ilk
c:\users\joshp\onedrive\programming\c++\duckengine\duckengine\build\blankproject\debug\blankproject.pdb
c:\users\joshp\onedrive\programming\c++\duckengine\duckengine\blankproject\intermediate\debug\blankproject.res
c:\users\joshp\onedrive\programming\c++\duckengine\duckengine\\build\blankproject\debug\blankproject.pdb
c:\users\joshp\onedrive\programming\c++\duckengine\duckengine\\blankproject\intermediate\debug\blankproject.vcxproj.filelistabsolute.txt
c:\users\joshp\onedrive\programming\c++\duckengine\duckengine\blankproject\intermediate\debug\blankproject.tlog\cl.command.1.tlog
c:\users\joshp\onedrive\programming\c++\duckengine\duckengine\blankproject\intermediate\debug\blankproject.tlog\cl.items.tlog
c:\users\joshp\onedrive\programming\c++\duckengine\duckengine\blankproject\intermediate\debug\blankproject.tlog\cl.read.1.tlog
c:\users\joshp\onedrive\programming\c++\duckengine\duckengine\blankproject\intermediate\debug\blankproject.tlog\cl.write.1.tlog
c:\users\joshp\onedrive\programming\c++\duckengine\duckengine\blankproject\intermediate\debug\blankproject.tlog\link.command.1.tlog
c:\users\joshp\onedrive\programming\c++\duckengine\duckengine\blankproject\intermediate\debug\blankproject.tlog\link.read.1.tlog
c:\users\joshp\onedrive\programming\c++\duckengine\duckengine\blankproject\intermediate\debug\blankproject.tlog\link.write.1.tlog
c:\users\joshp\onedrive\programming\c++\duckengine\duckengine\blankproject\intermediate\debug\blankproject.tlog\rc.command.1.tlog
c:\users\joshp\onedrive\programming\c++\duckengine\duckengine\blankproject\intermediate\debug\blankproject.tlog\rc.read.1.tlog
c:\users\joshp\onedrive\programming\c++\duckengine\duckengine\blankproject\intermediate\debug\blankproject.tlog\rc.write.1.tlog
